<?xml version="1.0" encoding="UTF-8"?>
<coverage generated="1613337757115" clover="3.2.0">
  <project timestamp="1613337757116" name="All files">
    <metrics statements="10" coveredstatements="8" conditionals="10" coveredconditionals="8" methods="4" coveredmethods="2" elements="24" coveredelements="18" complexity="0" loc="10" ncloc="10" packages="1" files="2" classes="2"/>
    <file name="FeedPost.js" path="/home/aleksey/Рабочий стол/instagram-skillbox-diploma-react-hooks-redux-saga/src/components/feed/FeedPost.js">
      <metrics statements="9" coveredstatements="7" conditionals="10" coveredconditionals="8" methods="3" coveredmethods="1"/>
      <line num="14" count="1" type="stmt"/>
      <line num="15" count="1" type="stmt"/>
      <line num="24" count="1" type="stmt"/>
      <line num="25" count="1" type="stmt"/>
      <line num="27" count="1" type="stmt"/>
      <line num="30" count="0" type="stmt"/>
      <line num="36" count="1" type="stmt"/>
      <line num="68" count="0" type="stmt"/>
      <line num="74" count="1" type="stmt"/>
    </file>
    <file name="FeedPostImage.js" path="/home/aleksey/Рабочий стол/instagram-skillbox-diploma-react-hooks-redux-saga/src/components/feed/FeedPostImage.js">
      <metrics statements="1" coveredstatements="1" conditionals="0" coveredconditionals="0" methods="1" coveredmethods="1"/>
      <line num="4" count="1" type="stmt"/>
    </file>
  </project>
</coverage>
