{"/home/aleksey/Рабочий стол/instagram-skillbox-diploma-react-hooks-redux-saga/src/mock/mockInitialStore.js": {"path":"/home/aleksey/Рабочий стол/instagram-skillbox-diploma-react-hooks-redux-saga/src/mock/mockInitialStore.js","statementMap":{"0":{"start":{"line":1,"column":32},"end":{"line":1165,"column":1}}},"fnMap":{},"branchMap":{},"s":{"0":1},"f":{},"b":{},"_coverageSchema":"43e27e138ebf9cfc5966b082cf9a028302ed4184","hash":"f19cdc43ed2ab95aedbd66f76b7a89099a233c0c"}
,"/home/aleksey/Рабочий стол/instagram-skillbox-diploma-react-hooks-redux-saga/src/mock/mockReduxStore.js": {"path":"/home/aleksey/Рабочий стол/instagram-skillbox-diploma-react-hooks-redux-saga/src/mock/mockReduxStore.js","statementMap":{"0":{"start":{"line":12,"column":23},"end":{"line":16,"column":1}},"1":{"start":{"line":18,"column":0},"end":{"line":18,"column":29}}},"fnMap":{},"branchMap":{},"s":{"0":1,"1":1},"f":{},"b":{},"_coverageSchema":"43e27e138ebf9cfc5966b082cf9a028302ed4184","hash":"888631489e2f3694b860f9adfd9be96eb159059c"}
}
