{"/home/aleksey/Рабочий стол/instagram-skillbox-diploma-react-hooks-redux-saga/src/components/feed/FeedPost.js": {"path":"/home/aleksey/Рабочий стол/instagram-skillbox-diploma-react-hooks-redux-saga/src/components/feed/FeedPost.js","statementMap":{"0":{"start":{"line":14,"column":18},"end":{"line":14,"column":37}},"1":{"start":{"line":15,"column":48},"end":{"line":15,"column":69}},"2":{"start":{"line":24,"column":6},"end":{"line":24,"column":10}},"3":{"start":{"line":25,"column":32},"end":{"line":25,"column":43}},"4":{"start":{"line":27,"column":18},"end":{"line":27,"column":30}},"5":{"start":{"line":30,"column":4},"end":{"line":33,"column":7}},"6":{"start":{"line":36,"column":2},"end":{"line":71,"column":4}},"7":{"start":{"line":68,"column":38},"end":{"line":68,"column":61}},"8":{"start":{"line":74,"column":0},"end":{"line":77,"column":2}}},"fnMap":{"0":{"name":"FeedPost","decl":{"start":{"line":13,"column":9},"end":{"line":13,"column":17}},"loc":{"start":{"line":13,"column":35},"end":{"line":72,"column":1}},"line":13},"1":{"name":"handleOpenPostModal","decl":{"start":{"line":29,"column":11},"end":{"line":29,"column":30}},"loc":{"start":{"line":29,"column":33},"end":{"line":34,"column":3}},"line":29},"2":{"name":"(anonymous_2)","decl":{"start":{"line":68,"column":32},"end":{"line":68,"column":33}},"loc":{"start":{"line":68,"column":38},"end":{"line":68,"column":61}},"line":68}},"branchMap":{"0":{"loc":{"start":{"line":40,"column":31},"end":{"line":40,"column":58}},"type":"binary-expr","locations":[{"start":{"line":40,"column":31},"end":{"line":40,"column":52}},{"start":{"line":40,"column":56},"end":{"line":40,"column":58}}],"line":40},"1":{"loc":{"start":{"line":56,"column":11},"end":{"line":60,"column":11}},"type":"binary-expr","locations":[{"start":{"line":56,"column":11},"end":{"line":56,"column":20}},{"start":{"line":57,"column":12},"end":{"line":59,"column":25}}],"line":56},"2":{"loc":{"start":{"line":58,"column":21},"end":{"line":58,"column":62}},"type":"cond-expr","locations":[{"start":{"line":58,"column":35},"end":{"line":58,"column":43}},{"start":{"line":58,"column":46},"end":{"line":58,"column":62}}],"line":58},"3":{"loc":{"start":{"line":66,"column":7},"end":{"line":66,"column":53}},"type":"binary-expr","locations":[{"start":{"line":66,"column":7},"end":{"line":66,"column":28}},{"start":{"line":66,"column":32},"end":{"line":66,"column":53}}],"line":66},"4":{"loc":{"start":{"line":67,"column":7},"end":{"line":69,"column":7}},"type":"binary-expr","locations":[{"start":{"line":67,"column":7},"end":{"line":67,"column":24}},{"start":{"line":68,"column":8},"end":{"line":68,"column":65}}],"line":67}},"s":{"0":1,"1":1,"2":1,"3":1,"4":1,"5":0,"6":1,"7":0,"8":1},"f":{"0":1,"1":0,"2":0},"b":{"0":[1,1],"1":[1,1],"2":[0,1],"3":[1,1],"4":[1,0]},"_coverageSchema":"43e27e138ebf9cfc5966b082cf9a028302ed4184","hash":"35a17c850583d2c6b7ac27e63df124ccb5571af7"}
,"/home/aleksey/Рабочий стол/instagram-skillbox-diploma-react-hooks-redux-saga/src/components/feed/FeedPostImage.js": {"path":"/home/aleksey/Рабочий стол/instagram-skillbox-diploma-react-hooks-redux-saga/src/components/feed/FeedPostImage.js","statementMap":{"0":{"start":{"line":4,"column":4},"end":{"line":8,"column":5}}},"fnMap":{"0":{"name":"FeedPostImage","decl":{"start":{"line":3,"column":24},"end":{"line":3,"column":37}},"loc":{"start":{"line":3,"column":96},"end":{"line":9,"column":1}},"line":3}},"branchMap":{},"s":{"0":1},"f":{"0":1},"b":{},"_coverageSchema":"43e27e138ebf9cfc5966b082cf9a028302ed4184","hash":"a7e64cb0e2b4607a50142482a9d6762cc65a1195"}
}
