TN:
SF:/home/aleksey/Рабочий стол/instagram-skillbox-diploma-react-hooks-redux-saga/src/components/feed/FeedPost.js
FN:13,FeedPost
FN:29,handleOpenPostModal
FN:68,(anonymous_2)
FNF:3
FNH:1
FNDA:1,FeedPost
FNDA:0,handleOpenPostModal
FNDA:0,(anonymous_2)
DA:14,1
DA:15,1
DA:24,1
DA:25,1
DA:27,1
DA:30,0
DA:36,1
DA:68,0
DA:74,1
LF:9
LH:7
BRDA:40,0,0,1
BRDA:40,0,1,1
BRDA:56,1,0,1
BRDA:56,1,1,1
BRDA:58,2,0,0
BRDA:58,2,1,1
BRDA:66,3,0,1
BRDA:66,3,1,1
BRDA:67,4,0,1
BRDA:67,4,1,0
BRF:10
BRH:8
end_of_record
TN:
SF:/home/aleksey/Рабочий стол/instagram-skillbox-diploma-react-hooks-redux-saga/src/components/feed/FeedPostImage.js
FN:3,FeedPostImage
FNF:1
FNH:1
FNDA:1,FeedPostImage
DA:4,1
LF:1
LH:1
BRF:0
BRH:0
end_of_record
